2018-06-13 16:58:10 --> 运行MyBatis-CMEU...
---------------------->  at pers.cmeu.Main.main(Main.java:40) 
 
2018-06-13 16:58:12 --> 初始化首页...
---------------------->  at pers.cmeu.controller.IndexController.initialize(IndexController.java:168) 
 
2018-06-13 16:58:12 --> 初始化首页成功!
---------------------->  at pers.cmeu.controller.IndexController.initialize(IndexController.java:193) 
 
2018-06-13 16:58:12 --> 加载左侧数据库树与事件....
---------------------->  at pers.cmeu.controller.IndexController.initialize(IndexController.java:194) 
 
2018-06-13 16:58:13 --> 加载所有数据库到左侧树集成功!
---------------------->  at pers.cmeu.controller.IndexController.initialize(IndexController.java:317) 
 
2018-06-13 16:58:13 --> 执行查询默认配置信息并加载到首页...
---------------------->  at pers.cmeu.controller.IndexController.initialize(IndexController.java:324) 
 
2018-06-13 16:58:13 --> 加载配置信息到首页成功!
---------------------->  at pers.cmeu.controller.IndexController.initialize(IndexController.java:326) 
 
2018-06-13 16:58:24 --> 关闭MyBatis-CMEU!!!
---------------------->  at pers.cmeu.Main.main(Main.java:42) 
 
2018-06-13 17:01:16 --> 运行MyBatis-CMEU...
---------------------->  at pers.cmeu.Main.main(Main.java:40) 
 
2018-06-13 17:01:17 --> 初始化首页...
---------------------->  at pers.cmeu.controller.IndexController.initialize(IndexController.java:168) 
 
2018-06-13 17:01:17 --> 初始化首页成功!
---------------------->  at pers.cmeu.controller.IndexController.initialize(IndexController.java:193) 
 
2018-06-13 17:01:17 --> 加载左侧数据库树与事件....
---------------------->  at pers.cmeu.controller.IndexController.initialize(IndexController.java:194) 
 
2018-06-13 17:01:18 --> 加载所有数据库到左侧树集成功!
---------------------->  at pers.cmeu.controller.IndexController.initialize(IndexController.java:317) 
 
2018-06-13 17:01:18 --> 执行查询默认配置信息并加载到首页...
---------------------->  at pers.cmeu.controller.IndexController.initialize(IndexController.java:324) 
 
2018-06-13 17:01:18 --> 加载配置信息到首页成功!
---------------------->  at pers.cmeu.controller.IndexController.initialize(IndexController.java:326) 
 
2018-06-13 17:01:22 --> 关闭MyBatis-CMEU!!!
---------------------->  at pers.cmeu.Main.main(Main.java:42) 
 
2018-06-13 17:17:27 --> 运行MyBatis-CMEU...
---------------------->  at pers.cmeu.Main.main(Main.java:40) 
 
2018-06-13 17:17:28 --> 初始化首页...
---------------------->  at pers.cmeu.controller.IndexController.initialize(IndexController.java:168) 
 
2018-06-13 17:17:28 --> 初始化首页成功!
---------------------->  at pers.cmeu.controller.IndexController.initialize(IndexController.java:193) 
 
2018-06-13 17:17:28 --> 加载左侧数据库树与事件....
---------------------->  at pers.cmeu.controller.IndexController.initialize(IndexController.java:194) 
 
2018-06-13 17:17:29 --> 加载所有数据库到左侧树集成功!
---------------------->  at pers.cmeu.controller.IndexController.initialize(IndexController.java:317) 
 
2018-06-13 17:17:29 --> 执行查询默认配置信息并加载到首页...
---------------------->  at pers.cmeu.controller.IndexController.initialize(IndexController.java:324) 
 
2018-06-13 17:17:29 --> 加载配置信息到首页成功!
---------------------->  at pers.cmeu.controller.IndexController.initialize(IndexController.java:326) 
 
2018-06-13 17:17:43 --> 初始化数据库连接窗口....
---------------------->  at pers.cmeu.controller.ConnectionController.initialize(ConnectionController.java:47) 
 
2018-06-13 17:17:43 --> 初始化数据库连接成功!
---------------------->  at pers.cmeu.controller.ConnectionController.initialize(ConnectionController.java:52) 
 
2018-06-13 17:18:35 --> 执行测试数据库连接...
---------------------->  at pers.cmeu.controller.ConnectionController.testConnection(ConnectionController.java:91) 
 
2018-06-13 17:18:36 --> 数据库测试连接成功!
---------------------->  at pers.cmeu.controller.ConnectionController.testConnection(ConnectionController.java:100) 
 
2018-06-13 17:18:38 --> 执行保存数据库连接...
---------------------->  at pers.cmeu.controller.ConnectionController.saveConnection(ConnectionController.java:60) 
 
2018-06-13 17:18:38 --> 保存数据库连接成功!
---------------------->  at pers.cmeu.controller.ConnectionController.saveConnection(ConnectionController.java:70) 
 
2018-06-13 17:20:16 --> 加载所有表....
---------------------->  at pers.cmeu.controller.IndexController.lambda$3(IndexController.java:273) 
 
2018-06-13 17:20:16 --> 加载所有表成功!
---------------------->  at pers.cmeu.controller.IndexController.lambda$3(IndexController.java:291) 
 
2018-06-13 17:20:16 --> 将表的数据加载到数据面板...
---------------------->  at pers.cmeu.controller.IndexController.lambda$3(IndexController.java:297) 
 
2018-06-13 17:20:16 --> 将表的数据加载到数据面板成功!
---------------------->  at pers.cmeu.controller.IndexController.lambda$3(IndexController.java:307) 
 
2018-06-13 17:20:18 --> 准备开始执行创建所有文件...
---------------------->  at pers.cmeu.controller.IndexController.runCreate(IndexController.java:461) 
 
2018-06-13 17:20:18 --> 获取表的主键...
---------------------->  at pers.cmeu.controller.IndexController.runCreate(IndexController.java:477) 
 
2018-06-13 17:20:19 --> 获取表的所有列...
---------------------->  at pers.cmeu.controller.IndexController.runCreate(IndexController.java:485) 
 
2018-06-13 17:20:19 --> 初始化创建类配置信息...
---------------------->  at pers.cmeu.controller.IndexController.runCreate(IndexController.java:497) 
 
2018-06-13 17:20:19 --> 初始化创建类配置信息-->成功!
---------------------->  at pers.cmeu.controller.IndexController.runCreate(IndexController.java:506) 
 
2018-06-13 17:20:19 --> 初始化创建工具...
---------------------->  at pers.cmeu.controller.IndexController.runCreate(IndexController.java:524) 
 
2018-06-13 17:20:19 --> 开始执行创建所有文件...
---------------------->  at pers.cmeu.controller.IndexController.runCreate(IndexController.java:534) 
 
2018-06-13 17:20:19 --> 执行创建实体类包!
---------------------->  at pers.cmeu.common.CreateFileUtil.createAll(CreateFileUtil.java:132) 
 
2018-06-13 17:20:19 --> 执行创建dao接口包!
---------------------->  at pers.cmeu.common.CreateFileUtil.createAll(CreateFileUtil.java:137) 
 
2018-06-13 17:20:19 --> 执行创建Service包!
---------------------->  at pers.cmeu.common.CreateFileUtil.createServiceDir(CreateFileUtil.java:339) 
 
2018-06-13 17:20:19 --> 执行创建ServiceImpl包!
---------------------->  at pers.cmeu.common.CreateFileUtil.createServiceDir(CreateFileUtil.java:344) 
 
2018-06-13 17:20:19 --> 执行获得表主键列对应的java数据类型...
---------------------->  at pers.cmeu.common.CreateFileUtil.createAll(CreateFileUtil.java:159) 
 
2018-06-13 17:20:19 --> 获得表主键列对应的java数据类型成功!
---------------------->  at pers.cmeu.common.CreateFileUtil.createAll(CreateFileUtil.java:161) 
 
2018-06-13 17:20:19 --> 执行生成实体类...
---------------------->  at pers.cmeu.common.CreateFileUtil.createAll(CreateFileUtil.java:172) 
 
2018-06-13 17:20:19 --> 生成实体类成功!
---------------------->  at pers.cmeu.common.CreateFileUtil.createAll(CreateFileUtil.java:194) 
 
2018-06-13 17:20:19 --> 执行生成dao
---------------------->  at pers.cmeu.common.CreateFileUtil.createAll(CreateFileUtil.java:198) 
 
2018-06-13 17:20:19 --> 生成dao成功!
---------------------->  at pers.cmeu.common.CreateFileUtil.createAll(CreateFileUtil.java:214) 
 
2018-06-13 17:20:19 --> 执行生成Mapper...
---------------------->  at pers.cmeu.common.CreateFileUtil.createAll(CreateFileUtil.java:218) 
 
2018-06-13 17:20:19 --> 生成Mapper成功!
---------------------->  at pers.cmeu.common.CreateFileUtil.createAll(CreateFileUtil.java:229) 
 
2018-06-13 17:20:19 --> 执行生成service...
---------------------->  at pers.cmeu.common.CreateFileUtil.createAll(CreateFileUtil.java:240) 
 
2018-06-13 17:20:19 --> 生成service成功!
---------------------->  at pers.cmeu.common.CreateFileUtil.createAll(CreateFileUtil.java:256) 
 
2018-06-13 17:20:19 --> 执行生成serviceImpl...
---------------------->  at pers.cmeu.common.CreateFileUtil.createAll(CreateFileUtil.java:260) 
 
2018-06-13 17:20:19 --> 生成serviceImpl成功!
---------------------->  at pers.cmeu.common.CreateFileUtil.createAll(CreateFileUtil.java:281) 
 
2018-06-13 17:20:19 --> 执行创建Assist包名!
---------------------->  at pers.cmeu.common.CreateFileUtil.createAll(CreateFileUtil.java:292) 
 
2018-06-13 17:20:19 --> 准备创建Assist帮助类...
---------------------->  at pers.cmeu.common.CreateFileUtil.createAssist(CreateFileUtil.java:356) 
 
2018-06-13 17:20:19 --> 读取Assist模板...
---------------------->  at pers.cmeu.common.CreateFileUtil.createAssist(CreateFileUtil.java:357) 
 
2018-06-13 17:20:19 --> 执行创建...
---------------------->  at pers.cmeu.common.CreateFileUtil.createAssist(CreateFileUtil.java:362) 
 
2018-06-13 17:20:19 --> Assist帮助类创建成功!
---------------------->  at pers.cmeu.common.CreateFileUtil.createAssist(CreateFileUtil.java:364) 
 
2018-06-13 17:20:19 --> 创建所有文件成功!
---------------------->  at pers.cmeu.controller.IndexController.runCreate(IndexController.java:541) 
 
2018-06-13 17:20:42 --> 打开修改属性窗口...
---------------------->  at pers.cmeu.controller.IndexController.updateEntity(IndexController.java:403) 
 
2018-06-13 17:20:42 --> 初始化修改属性页...
---------------------->  at pers.cmeu.controller.SetAttributeController.init(SetAttributeController.java:113) 
 
2018-06-13 17:20:42 --> 执行获取表的主键列...
---------------------->  at pers.cmeu.controller.SetAttributeController.initTablePrimaryKey(SetAttributeController.java:204) 
 
2018-06-13 17:20:42 --> 获取表的主键列成功!
---------------------->  at pers.cmeu.controller.SetAttributeController.initTablePrimaryKey(SetAttributeController.java:208) 
 
2018-06-13 17:20:42 --> 获得表的所有列并初始化成类的属性...
---------------------->  at pers.cmeu.controller.SetAttributeController.init(SetAttributeController.java:124) 
 
2018-06-13 17:20:42 --> 获得表的所有列并初始化成类的属性成功!
---------------------->  at pers.cmeu.controller.SetAttributeController.init(SetAttributeController.java:137) 
 
2018-06-13 17:20:42 --> 初始化创建类配置信息...
---------------------->  at pers.cmeu.controller.SetAttributeController.init(SetAttributeController.java:163) 
 
2018-06-13 17:20:42 --> 初始化创建类配置信息-->成功!
---------------------->  at pers.cmeu.controller.SetAttributeController.init(SetAttributeController.java:172) 
 
2018-06-13 17:20:42 --> 初始化属性页成功!
---------------------->  at pers.cmeu.controller.SetAttributeController.init(SetAttributeController.java:185) 
 
2018-06-13 17:20:42 --> 打开修改属性窗口成功!
---------------------->  at pers.cmeu.controller.IndexController.updateEntity(IndexController.java:417) 
 
2018-06-13 17:20:49 --> 初始化配置信息窗口....
---------------------->  at pers.cmeu.controller.HistoryConfigController.initialize(HistoryConfigController.java:51) 
 
2018-06-13 17:20:49 --> 初始化配置信息窗口完成!
---------------------->  at pers.cmeu.controller.HistoryConfigController.initialize(HistoryConfigController.java:53) 
 
2018-06-13 17:20:49 --> 初始化配置信息表格...
---------------------->  at pers.cmeu.controller.HistoryConfigController.initTable(HistoryConfigController.java:61) 
 
2018-06-13 17:20:49 --> 初始化配置信息完成!
---------------------->  at pers.cmeu.controller.HistoryConfigController.initTable(HistoryConfigController.java:83) 
 
2018-06-13 17:20:49 --> 初始化创建类配置信息...
---------------------->  at pers.cmeu.controller.HistoryConfigController.initTable(HistoryConfigController.java:86) 
 
2018-06-13 17:20:49 --> 初始化创建类配置信息-->成功!
---------------------->  at pers.cmeu.controller.HistoryConfigController.initTable(HistoryConfigController.java:95) 
 
2018-06-13 17:20:52 --> 关闭MyBatis-CMEU!!!
---------------------->  at pers.cmeu.Main.main(Main.java:42) 
 
